<?xml version="1.0" encoding="UTF-8"?>
<testsuite xmlns:xsi="http://www.w3.org/2001/XMLSchema-instance" xsi:noNamespaceSchemaLocation="https://maven.apache.org/surefire/maven-surefire-plugin/xsd/surefire-test-report-3.0.xsd" version="3.0" name="ecse428.RunCucumberTest" time="1.659" tests="8" errors="0" skipped="0" failures="0">
  <properties>
[...]
</properties>
  <testcase name="Successful Sign-In" classname="SmartEats User Sign In" time="0.646">
    <system-out><![CDATA[
Scenario: Successful Sign-In                  &amp#27;[90m# ecse428/Sign_In.feature:7&amp#27;[0m
  &amp#27;[32mGiven &amp#27;[0m&amp#27;[32mthe backend is running&amp#27;[0m                &amp#27;[90m# ecse428.StepDefinition.theAPIServerIsRunning()&amp#27;[0m
  &amp#27;[32mAnd &amp#27;[0m&amp#27;[32mthe SmartEats sign-in page is accessed&amp#27;[0m  &amp#27;[90m# ecse428.features.SignInFeature.theSmartEatsSignInPageIsAccessed()&amp#27;[0m
  &amp#27;[32mWhen &amp#27;[0m&amp#27;[32ma valid email and password are entered&amp#27;[0m &amp#27;[90m# ecse428.features.SignInFeature.aValidEmailAndPasswordAreEntered()&amp#27;[0m
  &amp#27;[32mAnd &amp#27;[0m&amp#27;[32mthe sign-in form is submitted&amp#27;[0m           &amp#27;[90m# ecse428.features.SignInFeature.theSignInFormIsSubmitted()&amp#27;[0m
  &amp#27;[32mThen &amp#27;[0m&amp#27;[32msign-in should be successful&amp#27;[0m           &amp#27;[90m# ecse428.features.SignInFeature.signInShouldBeSuccessful()&amp#27;[0m
]]></system-out>
  </testcase>
  <testcase name="Sign-In with Incorrect Credentials" classname="SmartEats User Sign In" time="0.152">
    <system-out><![CDATA[
Scenario: Sign-In with Incorrect Credentials                                &amp#27;[90m# ecse428/Sign_In.feature:14&amp#27;[0m
  &amp#27;[32mGiven &amp#27;[0m&amp#27;[32mthe SmartEats sign-in page is accessed&amp#27;[0m                              &amp#27;[90m# ecse428.features.SignInFeature.theSmartEatsSignInPageIsAccessed()&amp#27;[0m
  &amp#27;[32mWhen &amp#27;[0m&amp#27;[32man incorrect email or password is used to sign in&amp#27;[0m                    &amp#27;[90m# ecse428.features.SignInFeature.anIncorrectEmailOrPasswordIsUsedToSignIn()&amp#27;[0m
  &amp#27;[32mThen &amp#27;[0m&amp#27;[32man error message indicating incorrect credentials should be received&amp#27;[0m &amp#27;[90m# ecse428.features.SignInFeature.anErrorMessageIndicatingIncorrectCredentialsShouldBeReceived()&amp#27;[0m
]]></system-out>
  </testcase>
  <testcase name="Sign-In with Unregistered Email" classname="SmartEats User Sign In" time="0.162">
    <system-out><![CDATA[
Scenario: Sign-In with Unregistered Email                                         &amp#27;[90m# ecse428/Sign_In.feature:19&amp#27;[0m
  &amp#27;[32mGiven &amp#27;[0m&amp#27;[32mthe SmartEats sign-in page is accessed&amp#27;[0m                                    &amp#27;[90m# ecse428.features.SignInFeature.theSmartEatsSignInPageIsAccessed()&amp#27;[0m
  &amp#27;[32mWhen &amp#27;[0m&amp#27;[32man unregistered email is used to sign in&amp#27;[0m                                   &amp#27;[90m# ecse428.features.SignInFeature.anUnregisteredEmailIsUsedToSignIn()&amp#27;[0m
  &amp#27;[32mAnd &amp#27;[0m&amp#27;[32mthe sign-in form is submitted&amp#27;[0m                                               &amp#27;[90m# ecse428.features.SignInFeature.theSignInFormIsSubmitted()&amp#27;[0m
  &amp#27;[32mThen &amp#27;[0m&amp#27;[32man error message indicating that the account is invalid should be received&amp#27;[0m &amp#27;[90m# ecse428.features.SignInFeature.anErrorMessageIndicatingThatTheAccountIsInvalidShouldBeReceived()&amp#27;[0m
]]></system-out>
  </testcase>
  <testcase name="Sign-In with a Deactivated Account" classname="SmartEats User Sign In" time="0.036">
    <system-out><![CDATA[
Scenario: Sign-In with a Deactivated Account                                           &amp#27;[90m# ecse428/Sign_In.feature:25&amp#27;[0m
  &amp#27;[32mGiven &amp#27;[0m&amp#27;[32mthe SmartEats sign-in page is accessed&amp#27;[0m                                         &amp#27;[90m# ecse428.features.SignInFeature.theSmartEatsSignInPageIsAccessed()&amp#27;[0m
  &amp#27;[32mWhen &amp#27;[0m&amp#27;[32ma deactivated account's email is used to sign in&amp#27;[0m                                &amp#27;[90m# ecse428.features.SignInFeature.aDeactivatedAccountsEmailIsUsedToSignIn()&amp#27;[0m
  &amp#27;[32mAnd &amp#27;[0m&amp#27;[32mthe sign-in form is submitted&amp#27;[0m                                                    &amp#27;[90m# ecse428.features.SignInFeature.theSignInFormIsSubmitted()&amp#27;[0m
  &amp#27;[32mThen &amp#27;[0m&amp#27;[32man error message indicating the account has been deactivated should be received&amp#27;[0m &amp#27;[90m# ecse428.features.SignInFeature.anErrorMessageIndicatingTheAccountHasBeenDeactivatedShouldBeReceived()&amp#27;[0m
]]></system-out>
  </testcase>
  <testcase name="Successful Account Creation" classname="SmartEats User Account Creation" time="0.378">
    <system-out><![CDATA[
Scenario: Successful Account Creation             &amp#27;[90m# ecse428/Sign_Up.feature:7&amp#27;[0m
  &amp#27;[32mGiven &amp#27;[0m&amp#27;[32mthe backend is running&amp#27;[0m                    &amp#27;[90m# ecse428.StepDefinition.theAPIServerIsRunning()&amp#27;[0m
  &amp#27;[32mAnd &amp#27;[0m&amp#27;[32mthe SmartEats registration page is accessed&amp#27;[0m &amp#27;[90m# ecse428.features.SignUpFeature.theSmartEatsRegistrationPageIsAccessed()&amp#27;[0m
  &amp#27;[32mWhen &amp#27;[0m&amp#27;[32mentering valid registration details&amp#27;[0m        &amp#27;[90m# ecse428.features.SignUpFeature.enteringValidRegistrationDetails()&amp#27;[0m
  &amp#27;[32mAnd &amp#27;[0m&amp#27;[32mthe registration form is submitted&amp#27;[0m          &amp#27;[90m# ecse428.features.SignUpFeature.theRegistrationFormIsSubmitted()&amp#27;[0m
  &amp#27;[32mThen &amp#27;[0m&amp#27;[32mthe account should be successfully created&amp#27;[0m &amp#27;[90m# ecse428.features.SignUpFeature.theAccountShouldBeSuccessfullyCreated()&amp#27;[0m
]]></system-out>
  </testcase>
  <testcase name="Attempt to Create an Account with an Existing Email" classname="SmartEats User Account Creation" time="0.148">
    <system-out><![CDATA[
Scenario: Attempt to Create an Account with an Existing Email                   &amp#27;[90m# ecse428/Sign_Up.feature:15&amp#27;[0m
  &amp#27;[32mGiven &amp#27;[0m&amp#27;[32mthe SmartEats registration page is accessed&amp#27;[0m                             &amp#27;[90m# ecse428.features.SignUpFeature.theSmartEatsRegistrationPageIsAccessed()&amp#27;[0m
  &amp#27;[32mWhen &amp#27;[0m&amp#27;[32man email that is already associated with an existing account is entered&amp#27;[0m  &amp#27;[90m# ecse428.features.SignUpFeature.anEmailThatIsAlreadyAssociatedWithAnExistingAccountIsEntered()&amp#27;[0m
  &amp#27;[32mAnd &amp#27;[0m&amp#27;[32mthe registration form is submitted&amp#27;[0m                                        &amp#27;[90m# ecse428.features.SignUpFeature.theRegistrationFormIsSubmitted()&amp#27;[0m
  &amp#27;[32mThen &amp#27;[0m&amp#27;[32ma message indicating that the email is already in use should be received&amp#27;[0m &amp#27;[90m# ecse428.features.SignUpFeature.aMessageIndicatingThatTheEmailIsAlreadyInUseShouldBeReceived()&amp#27;[0m
]]></system-out>
  </testcase>
  <testcase name="Attempt to Create an Account with Invalid Email" classname="SmartEats User Account Creation" time="0.026">
    <system-out><![CDATA[
Scenario: Attempt to Create an Account with Invalid Email      &amp#27;[90m# ecse428/Sign_Up.feature:21&amp#27;[0m
  &amp#27;[32mGiven &amp#27;[0m&amp#27;[32mthe SmartEats registration page is accessed&amp#27;[0m            &amp#27;[90m# ecse428.features.SignUpFeature.theSmartEatsRegistrationPageIsAccessed()&amp#27;[0m
  &amp#27;[32mWhen &amp#27;[0m&amp#27;[32man incorrect email format is entered&amp#27;[0m                    &amp#27;[90m# ecse428.features.SignUpFeature.anIncorrectEmailFormatIsEntered()&amp#27;[0m
  &amp#27;[32mAnd &amp#27;[0m&amp#27;[32mthe registration form is submitted&amp#27;[0m                       &amp#27;[90m# ecse428.features.SignUpFeature.theRegistrationFormIsSubmitted()&amp#27;[0m
  &amp#27;[32mThen &amp#27;[0m&amp#27;[32ma message indicating invalid details should be received&amp#27;[0m &amp#27;[90m# ecse428.features.SignUpFeature.aMessageIndicatingInvalidDetailsShouldBeReceived()&amp#27;[0m
]]></system-out>
  </testcase>
  <testcase name="Attempt to Create an Account with Invalid Password" classname="SmartEats User Account Creation" time="0.009">
    <system-out><![CDATA[
Scenario: Attempt to Create an Account with Invalid Password    &amp#27;[90m# ecse428/Sign_Up.feature:27&amp#27;[0m
  &amp#27;[32mGiven &amp#27;[0m&amp#27;[32mthe SmartEats registration page is accessed&amp#27;[0m             &amp#27;[90m# ecse428.features.SignUpFeature.theSmartEatsRegistrationPageIsAccessed()&amp#27;[0m
  &amp#27;[32mWhen &amp#27;[0m&amp#27;[32man invalid password format is entered&amp#27;[0m                    &amp#27;[90m# ecse428.features.SignUpFeature.anInvalidPasswordFormatIsEntered()&amp#27;[0m
  &amp#27;[32mAnd &amp#27;[0m&amp#27;[32mthe registration form is submitted&amp#27;[0m                        &amp#27;[90m# ecse428.features.SignUpFeature.theRegistrationFormIsSubmitted()&amp#27;[0m
  &amp#27;[32mThen &amp#27;[0m&amp#27;[32ma message indicating invalid password should be received&amp#27;[0m &amp#27;[90m# ecse428.features.SignUpFeature.aMessageIndicatingInvalidPasswordShouldBeReceived()&amp#27;[0m
]]></system-out>
  </testcase>
</testsuite>